<?xml version="1.0" encoding="UTF-8"?>
<!-- Generated by org.testng.reporters.JUnitReportReporter -->
<testsuite skipped="0" hostname="neelesh-PC" name="com.actitime.scripts.LoginTest" tests="2" failures="0" timestamp="2020-03-14T18:27:03 IST" time="332.410" errors="0">
  <testcase name="validLogin" time="311.171" classname="com.actitime.scripts.LoginTest"/>
  <testcase name="invalidLogin" time="21.239" classname="com.actitime.scripts.LoginTest"/>
</testsuite> <!-- com.actitime.scripts.LoginTest -->
